2026-03-18T07:12:37+06:00 [INFO] (codacy-cli-v2/cli-v2.go:27) Starting Codacy CLI version=1.0.0-main.370.sha.2847fb6 (2847fb6) built at 2026-03-17T12:37:16Z
2026-03-18T07:12:37+06:00 [INFO] (codacy-cli-v2/cmd/root.go:34) Executing CLI command command=init full_command=[/home/umme/.cache/codacy/codacy-cli-v2/1.0.0-main.370.sha.2847fb6/codacy-cli-v2 init] args=[]
2026-03-18T07:51:15+06:00 [INFO] (codacy-cli-v2/cli-v2.go:27) Starting Codacy CLI version=1.0.0-main.370.sha.2847fb6 (2847fb6) built at 2026-03-17T12:37:16Z
2026-03-18T07:51:15+06:00 [INFO] (codacy-cli-v2/cmd/root.go:34) Executing CLI command command=analyze full_command=[/home/umme/.cache/codacy/codacy-cli-v2/1.0.0-main.370.sha.2847fb6/codacy-cli-v2 analyze /home/umme/Desktop/web-projects/backend-starter/package.json --format sarif] args=[/home/umme/Desktop/web-projects/backend-starter/package.json]
2026-03-18T07:51:15+06:00 [INFO] (codacy-cli-v2/cmd/analyze.go:353) Config file found for tool tool=trivy toolConfigPath=.codacy/tools-configs/trivy.yaml
2026-03-18T07:51:21+06:00 [INFO] (codacy-cli-v2/cli-v2.go:27) Starting Codacy CLI version=1.0.0-main.370.sha.2847fb6 (2847fb6) built at 2026-03-17T12:37:16Z
2026-03-18T07:51:21+06:00 [INFO] (codacy-cli-v2/cmd/root.go:34) Executing CLI command command=analyze full_command=[/home/umme/.cache/codacy/codacy-cli-v2/1.0.0-main.370.sha.2847fb6/codacy-cli-v2 analyze /home/umme/Desktop/web-projects/backend-starter/package.json --format sarif] args=[/home/umme/Desktop/web-projects/backend-starter/package.json]
2026-03-18T07:51:21+06:00 [INFO] (codacy-cli-v2/cmd/analyze.go:353) Config file found for tool toolConfigPath=.codacy/tools-configs/trivy.yaml tool=trivy
2026-03-18T07:54:05+06:00 [INFO] (codacy-cli-v2/cli-v2.go:27) Starting Codacy CLI version=1.0.0-main.370.sha.2847fb6 (2847fb6) built at 2026-03-17T12:37:16Z
2026-03-18T07:54:05+06:00 [INFO] (codacy-cli-v2/cmd/root.go:34) Executing CLI command command=analyze full_command=[/home/umme/.cache/codacy/codacy-cli-v2/1.0.0-main.370.sha.2847fb6/codacy-cli-v2 analyze /home/umme/Desktop/web-projects/backend-starter/.codacy/tools-configs/lizard.yaml --format sarif] args=[/home/umme/Desktop/web-projects/backend-starter/.codacy/tools-configs/lizard.yaml]
2026-03-18T07:54:05+06:00 [INFO] (codacy-cli-v2/cmd/analyze.go:353) Config file found for tool tool=opengrep toolConfigPath=.codacy/tools-configs/semgrep.yaml
2026-03-18T07:55:14+06:00 [INFO] (codacy-cli-v2/cmd/analyze.go:353) Config file found for tool toolConfigPath=.codacy/tools-configs/trivy.yaml tool=trivy
2026-03-18T08:00:17+06:00 [INFO] (codacy-cli-v2/cli-v2.go:27) Starting Codacy CLI version=1.0.0-main.370.sha.2847fb6 (2847fb6) built at 2026-03-17T12:37:16Z
2026-03-18T08:00:17+06:00 [INFO] (codacy-cli-v2/cmd/root.go:34) Executing CLI command full_command=[/home/umme/.cache/codacy/codacy-cli-v2/1.0.0-main.370.sha.2847fb6/codacy-cli-v2 analyze /home/umme/Desktop/web-projects/backend-starter/.github/workflows/ci.yml --format sarif] args=[/home/umme/Desktop/web-projects/backend-starter/.github/workflows/ci.yml] command=analyze
2026-03-18T08:00:17+06:00 [INFO] (codacy-cli-v2/cmd/analyze.go:353) Config file found for tool tool=opengrep toolConfigPath=.codacy/tools-configs/semgrep.yaml
2026-03-18T08:01:02+06:00 [INFO] (codacy-cli-v2/cmd/analyze.go:353) Config file found for tool tool=trivy toolConfigPath=.codacy/tools-configs/trivy.yaml
2026-03-18T08:01:13+06:00 [INFO] (codacy-cli-v2/cli-v2.go:27) Starting Codacy CLI version=1.0.0-main.370.sha.2847fb6 (2847fb6) built at 2026-03-17T12:37:16Z
2026-03-18T08:01:13+06:00 [INFO] (codacy-cli-v2/cmd/root.go:34) Executing CLI command command=analyze full_command=[/home/umme/.cache/codacy/codacy-cli-v2/1.0.0-main.370.sha.2847fb6/codacy-cli-v2 analyze /home/umme/Desktop/web-projects/backend-starter/.github/workflows/ci.yml --format sarif] args=[/home/umme/Desktop/web-projects/backend-starter/.github/workflows/ci.yml]
2026-03-18T08:01:13+06:00 [INFO] (codacy-cli-v2/cmd/analyze.go:353) Config file found for tool tool=opengrep toolConfigPath=.codacy/tools-configs/semgrep.yaml
2026-03-18T08:01:57+06:00 [INFO] (codacy-cli-v2/cmd/analyze.go:353) Config file found for tool toolConfigPath=.codacy/tools-configs/trivy.yaml tool=trivy
2026-03-18T08:03:12+06:00 [INFO] (codacy-cli-v2/cli-v2.go:27) Starting Codacy CLI version=1.0.0-main.370.sha.2847fb6 (2847fb6) built at 2026-03-17T12:37:16Z
2026-03-18T08:03:12+06:00 [INFO] (codacy-cli-v2/cmd/root.go:34) Executing CLI command command=analyze full_command=[/home/umme/.cache/codacy/codacy-cli-v2/1.0.0-main.370.sha.2847fb6/codacy-cli-v2 analyze /home/umme/Desktop/web-projects/backend-starter/.github/workflows/ci.yml --format sarif] args=[/home/umme/Desktop/web-projects/backend-starter/.github/workflows/ci.yml]
2026-03-18T08:03:12+06:00 [INFO] (codacy-cli-v2/cmd/analyze.go:353) Config file found for tool toolConfigPath=.codacy/tools-configs/semgrep.yaml tool=opengrep
2026-03-18T08:03:50+06:00 [INFO] (codacy-cli-v2/cmd/analyze.go:353) Config file found for tool tool=trivy toolConfigPath=.codacy/tools-configs/trivy.yaml
2026-03-18T08:04:52+06:00 [INFO] (codacy-cli-v2/cli-v2.go:27) Starting Codacy CLI version=1.0.0-main.370.sha.2847fb6 (2847fb6) built at 2026-03-17T12:37:16Z
2026-03-18T08:04:52+06:00 [INFO] (codacy-cli-v2/cmd/root.go:34) Executing CLI command args=[/home/umme/Desktop/web-projects/backend-starter/.github/workflows/ci.yml] command=analyze full_command=[/home/umme/.cache/codacy/codacy-cli-v2/1.0.0-main.370.sha.2847fb6/codacy-cli-v2 analyze /home/umme/Desktop/web-projects/backend-starter/.github/workflows/ci.yml --format sarif]
2026-03-18T08:04:52+06:00 [INFO] (codacy-cli-v2/cmd/analyze.go:353) Config file found for tool toolConfigPath=.codacy/tools-configs/trivy.yaml tool=trivy
2026-03-18T08:04:52+06:00 [INFO] (codacy-cli-v2/cmd/analyze.go:353) Config file found for tool tool=opengrep toolConfigPath=.codacy/tools-configs/semgrep.yaml
2026-03-18T08:05:52+06:00 [INFO] (codacy-cli-v2/cli-v2.go:27) Starting Codacy CLI version=1.0.0-main.370.sha.2847fb6 (2847fb6) built at 2026-03-17T12:37:16Z
2026-03-18T08:05:52+06:00 [INFO] (codacy-cli-v2/cmd/root.go:34) Executing CLI command full_command=[/home/umme/.cache/codacy/codacy-cli-v2/1.0.0-main.370.sha.2847fb6/codacy-cli-v2 analyze /home/umme/Desktop/web-projects/backend-starter/.github/workflows/ci.yml --format sarif] args=[/home/umme/Desktop/web-projects/backend-starter/.github/workflows/ci.yml] command=analyze
2026-03-18T08:05:52+06:00 [INFO] (codacy-cli-v2/cmd/analyze.go:353) Config file found for tool tool=opengrep toolConfigPath=.codacy/tools-configs/semgrep.yaml
2026-03-18T08:06:36+06:00 [INFO] (codacy-cli-v2/cmd/analyze.go:353) Config file found for tool tool=trivy toolConfigPath=.codacy/tools-configs/trivy.yaml
2026-03-18T08:06:41+06:00 [INFO] (codacy-cli-v2/cli-v2.go:27) Starting Codacy CLI version=1.0.0-main.370.sha.2847fb6 (2847fb6) built at 2026-03-17T12:37:16Z
2026-03-18T08:06:41+06:00 [INFO] (codacy-cli-v2/cmd/root.go:34) Executing CLI command command=analyze full_command=[/home/umme/.cache/codacy/codacy-cli-v2/1.0.0-main.370.sha.2847fb6/codacy-cli-v2 analyze /home/umme/Desktop/web-projects/backend-starter/.github/workflows/ci.yml --format sarif] args=[/home/umme/Desktop/web-projects/backend-starter/.github/workflows/ci.yml]
2026-03-18T08:06:41+06:00 [INFO] (codacy-cli-v2/cmd/analyze.go:353) Config file found for tool tool=trivy toolConfigPath=.codacy/tools-configs/trivy.yaml
2026-03-18T08:06:41+06:00 [INFO] (codacy-cli-v2/cmd/analyze.go:353) Config file found for tool toolConfigPath=.codacy/tools-configs/semgrep.yaml tool=opengrep
2026-03-18T08:09:43+06:00 [INFO] (codacy-cli-v2/cli-v2.go:27) Starting Codacy CLI version=1.0.0-main.370.sha.2847fb6 (2847fb6) built at 2026-03-17T12:37:16Z
2026-03-18T08:09:43+06:00 [INFO] (codacy-cli-v2/cmd/root.go:34) Executing CLI command command=analyze full_command=[/home/umme/.cache/codacy/codacy-cli-v2/1.0.0-main.370.sha.2847fb6/codacy-cli-v2 analyze /home/umme/Desktop/web-projects/backend-starter/.github/workflows/ci.yml --format sarif] args=[/home/umme/Desktop/web-projects/backend-starter/.github/workflows/ci.yml]
2026-03-18T08:09:43+06:00 [INFO] (codacy-cli-v2/cmd/analyze.go:353) Config file found for tool toolConfigPath=.codacy/tools-configs/trivy.yaml tool=trivy
2026-03-18T08:09:43+06:00 [INFO] (codacy-cli-v2/cmd/analyze.go:353) Config file found for tool tool=opengrep toolConfigPath=.codacy/tools-configs/semgrep.yaml
